
51 lint errors found in Public/dev/sw/service-worker.js
  [1,1](W097) Use the function form of "use strict".
  [5,19](W117) 'Response' is not defined.
  [5,32](W117) 'Blob' is not defined.
  [50,5](W117) 'clients' is not defined.
  [91,9](W117) 'clients' is not defined.
  [98,32](W117) 'clients' is not defined.
  [99,28](W117) 'clients' is not defined.
  [55,9](W117) 'self' is not defined.
  [87,5](W117) 'self' is not defined.
  [271,12](W117) 'self' is not defined.
  [284,1](W117) 'self' is not defined.
  [285,1](W117) 'self' is not defined.
  [286,1](W117) 'self' is not defined.
  [287,1](W117) 'self' is not defined.
  [288,1](W117) 'self' is not defined.
  [290,5](W117) 'self' is not defined.
  [68,9](W117) 'caches' is not defined.
  [133,21](W117) 'caches' is not defined.
  [140,28](W117) 'caches' is not defined.
  [155,17](W117) 'caches' is not defined.
  [165,33](W117) 'caches' is not defined.
  [178,17](W117) 'caches' is not defined.
  [200,5](W117) 'caches' is not defined.
  [202,69](W117) 'caches' is not defined.
  [203,21](W117) 'caches' is not defined.
  [239,12](W117) 'caches' is not defined.
  [73,34](W117) 'Request' is not defined.
  [73,61](W117) 'Headers' is not defined.
  [80,31](W117) 'console' is not defined.
  [82,25](W117) 'console' is not defined.
  [102,24](W117) 'console' is not defined.
  [150,37](W117) 'console' is not defined.
  [168,49](W117) 'console' is not defined.
  [169,45](W117) 'console' is not defined.
  [171,68](W117) 'console' is not defined.
  [173,37](W117) 'console' is not defined.
  [174,33](W117) 'console' is not defined.
  [187,66](W117) 'console' is not defined.
  [189,33](W117) 'console' is not defined.
  [208,25](W117) 'console' is not defined.
  [219,23](W117) 'console' is not defined.
  [242,25](W117) 'console' is not defined.
  [131,17](W117) 'fetch' is not defined.
  [164,29](W117) 'fetch' is not defined.
  [171,36](W117) 'fetch' is not defined.
  [187,32](W117) 'fetch' is not defined.
  [224,5](W117) 'fetch' is not defined.
  [192,16](W117) 'navigator' is not defined.
  [212,8](W117) 'navigator' is not defined.
  [264,9](W117) 'navigator' is not defined.
  [264,9](E043) Too many errors. (90% scanned).