
51 lint errors found in modules/core/deflate.js
  [140,2](W033) Missing semicolon.
  [150,2](W033) Missing semicolon.
  [162,2](W033) Missing semicolon.
  [169,2](W033) Missing semicolon.
  [243,2](W033) Missing semicolon.
  [268,2](W033) Missing semicolon.
  [273,2](W033) Missing semicolon.
  [289,2](W033) Missing semicolon.
  [293,2](W033) Missing semicolon.
  [296,37](W093) Did you mean to return a conditional instead of an assignment?
  [297,2](W033) Missing semicolon.
  [308,2](W033) Missing semicolon.
  [320,2](W033) Missing semicolon.
  [337,2](W033) Missing semicolon.
  [342,2](W033) Missing semicolon.
  [351,2](W033) Missing semicolon.
  [360,2](W033) Missing semicolon.
  [371,2](W033) Missing semicolon.
  [417,2](W033) Missing semicolon.
  [502,9](W014) Misleading line break before '&&'; readers may interpret this as an expression boundary.
  [505,2](W033) Missing semicolon.
  [564,2](W033) Missing semicolon.
  [648,2](W033) Missing semicolon.
  [745,2](W033) Missing semicolon.
  [771,2](W033) Missing semicolon.
  [808,2](W033) Missing semicolon.
  [850,2](W033) Missing semicolon.
  [944,2](W033) Missing semicolon.
  [962,2](W033) Missing semicolon.
  [994,2](W033) Missing semicolon.
  [1087,2](W033) Missing semicolon.
  [1129,2](W033) Missing semicolon.
  [1222,2](W033) Missing semicolon.
  [1273,2](W033) Missing semicolon.
  [1330,2](W033) Missing semicolon.
  [1362,2](W033) Missing semicolon.
  [1389,2](W033) Missing semicolon.
  [1432,8](W014) Misleading line break before '&&'; readers may interpret this as an expression boundary.
  [1470,2](W033) Missing semicolon.
  [1528,2](W033) Missing semicolon.
  [1577,2](W033) Missing semicolon.
  [1600,2](W033) Missing semicolon.
  [1617,2](W033) Missing semicolon.
  [1630,2](W033) Missing semicolon.
  [1646,2](W033) Missing semicolon.
  [1668,2](W033) Missing semicolon.
  [1752,2](W033) Missing semicolon.
  [1761,2](W033) Missing semicolon.
  [1984,2](W033) Missing semicolon.
  [1993,2](W033) Missing semicolon.
  [1993,2](E043) Too many errors. (82% scanned).
34 lint errors found in modules/core/methods.js
  [27,50](W033) Missing semicolon.
  [36,32](W033) Missing semicolon.
  [37,67](W033) Missing semicolon.
  [38,65](W033) Missing semicolon.
  [42,70](W033) Missing semicolon.
  [43,68](W033) Missing semicolon.
  [45,79](W033) Missing semicolon.
  [46,6](W033) Missing semicolon.
  [223,34](W033) Missing semicolon.
  [224,19](W033) Missing semicolon.
  [246,37](W033) Missing semicolon.
  [269,21](W082) Function declarations should not be placed in blocks. Use a function expression or move the statement to the top of the outer function.
  [312,98](W033) Missing semicolon.
  [315,106](W033) Missing semicolon.
  [347,265](E024) Unexpected ')'.
  [347,265](E030) Expected an identifier and instead saw ')'.
  [347,266](W116) Expected ')' and instead saw ';'.
  [347,267](W033) Missing semicolon.
  [373,44](W033) Missing semicolon.
  [397,74](W033) Missing semicolon.
  [408,121](W033) Missing semicolon.
  [411,118](W033) Missing semicolon.
  [412,15](W033) Missing semicolon.
  [414,6](W033) Missing semicolon.
  [424,108](W033) Missing semicolon.
  [425,118](W033) Missing semicolon.
  [426,65](W033) Missing semicolon.
  [440,48](W033) Missing semicolon.
  [441,71](W033) Missing semicolon.
  [442,6](W033) Missing semicolon.
  [560,97](W033) Missing semicolon.
  [566,29](W033) Missing semicolon.
  [693,69](W033) Missing semicolon.
  [930,44](W033) Missing semicolon.
47 lint errors found in modules/core/redditCrawler.js
  [1,35](W033) Missing semicolon.
  [2,35](W033) Missing semicolon.
  [3,29](W033) Missing semicolon.
  [4,38](W033) Missing semicolon.
  [6,155](W033) Missing semicolon.
  [10,61](W033) Missing semicolon.
  [17,40](W033) Missing semicolon.
  [18,70](W033) Missing semicolon.
  [22,48](W033) Missing semicolon.
  [24,27](W033) Missing semicolon.
  [25,11](W033) Missing semicolon.
  [26,7](W033) Missing semicolon.
  [30,1](W030) Expected an assignment or function call and instead saw an expression.
  [30,6](E058) Missing semicolon.
  [31,56](W033) Missing semicolon.
  [38,43](W033) Missing semicolon.
  [39,73](W033) Missing semicolon.
  [40,59](W033) Missing semicolon.
  [41,11](W033) Missing semicolon.
  [42,7](W033) Missing semicolon.
  [47,64](W033) Missing semicolon.
  [48,62](W033) Missing semicolon.
  [49,45](W033) Missing semicolon.
  [50,21](W033) Missing semicolon.
  [54,41](W116) Expected '(' and instead saw '{'.
  [55,9](W024) Expected an identifier and instead saw 'try' (a reserved word).
  [55,13](E020) Expected ')' to match '{' from line 54 and instead saw '{'.
  [56,13](E030) Expected an identifier and instead saw 'let'.
  [56,17](E020) Expected '}' to match '{' from line 53 and instead saw 'posts'.
  [56,23](E031) Bad assignment.
  [56,30](E058) Missing semicolon.
  [56,46](W033) Missing semicolon.
  [58,79](W033) Missing semicolon.
  [60,46](W033) Missing semicolon.
  [62,57](W033) Missing semicolon.
  [63,44](W116) Expected ')' and instead saw 'getPosts'.
  [63,66](E058) Missing semicolon.
  [63,66](E030) Expected an identifier and instead saw ')'.
  [63,66](W030) Expected an assignment or function call and instead saw an expression.
  [63,67](W033) Missing semicolon.
  [64,48](W083) Functions declared within loops referencing an outer scoped variable may lead to confusing semantics.
  [64,79](W033) Missing semicolon.
  [67,58](W033) Missing semicolon.
  [68,35](E058) Missing semicolon.
  [68,84](W033) Missing semicolon.
  [69,38](W033) Missing semicolon.
  [69,37](E041) Unrecoverable syntax error. (84% scanned).
4 lint errors found in modules/core/router.js
  [154,33](W033) Missing semicolon.
  [155,39](W033) Missing semicolon.
  [156,15](W033) Missing semicolon.
  [295,38](W033) Missing semicolon.