
49 lint errors found in Public/dev/sw/service-worker.js
  [1,1](W097) Use the function form of "use strict".
  [5,19](W117) 'Response' is not defined.
  [5,32](W117) 'Blob' is not defined.
  [27,23](W117) 'self' is not defined.
  [38,9](W117) 'self' is not defined.
  [68,5](W117) 'self' is not defined.
  [239,12](W117) 'self' is not defined.
  [251,1](W117) 'self' is not defined.
  [252,1](W117) 'self' is not defined.
  [253,1](W117) 'self' is not defined.
  [254,1](W117) 'self' is not defined.
  [255,1](W117) 'self' is not defined.
  [257,5](W117) 'self' is not defined.
  [34,5](W117) 'clients' is not defined.
  [72,9](W117) 'clients' is not defined.
  [79,32](W117) 'clients' is not defined.
  [80,28](W117) 'clients' is not defined.
  [50,9](W117) 'caches' is not defined.
  [114,21](W117) 'caches' is not defined.
  [121,28](W117) 'caches' is not defined.
  [136,17](W117) 'caches' is not defined.
  [146,37](W117) 'caches' is not defined.
  [159,17](W117) 'caches' is not defined.
  [181,5](W117) 'caches' is not defined.
  [182,69](W117) 'caches' is not defined.
  [215,12](W117) 'caches' is not defined.
  [56,34](W117) 'Request' is not defined.
  [56,61](W117) 'Headers' is not defined.
  [62,31](W117) 'console' is not defined.
  [131,37](W117) 'console' is not defined.
  [149,53](W117) 'console' is not defined.
  [150,49](W117) 'console' is not defined.
  [152,72](W117) 'console' is not defined.
  [154,41](W117) 'console' is not defined.
  [155,33](W117) 'console' is not defined.
  [168,66](W117) 'console' is not defined.
  [170,33](W117) 'console' is not defined.
  [184,25](W117) 'console' is not defined.
  [195,23](W117) 'console' is not defined.
  [218,25](W117) 'console' is not defined.
  [112,17](W117) 'fetch' is not defined.
  [145,33](W117) 'fetch' is not defined.
  [152,40](W117) 'fetch' is not defined.
  [168,32](W117) 'fetch' is not defined.
  [200,5](W117) 'fetch' is not defined.
  [173,16](W117) 'navigator' is not defined.
  [188,8](W117) 'navigator' is not defined.
  [176,22](W117) 'setInterval' is not defined.
  [193,13](W117) 'clearInterval' is not defined.