
51 lint errors found in Public/dev/sw/service-worker.js
  [1,1](W097) Use the function form of "use strict".
  [2,1](W104) 'let' is available in ES6 (use 'esversion: 6') or Mozilla JS extensions (use moz).
  [26,1](W104) 'const' is available in ES6 (use 'esversion: 6') or Mozilla JS extensions (use moz).
  [29,55](W119) 'arrow function syntax (=>)' is only available in ES6 (use 'esversion: 6').
  [30,54](W119) 'arrow function syntax (=>)' is only available in ES6 (use 'esversion: 6').
  [31,56](W119) 'arrow function syntax (=>)' is only available in ES6 (use 'esversion: 6').
  [34,41](W119) 'arrow function syntax (=>)' is only available in ES6 (use 'esversion: 6').
  [37,49](W119) 'arrow function syntax (=>)' is only available in ES6 (use 'esversion: 6').
  [40,20](W119) 'arrow function syntax (=>)' is only available in ES6 (use 'esversion: 6').
  [41,20](W119) 'arrow function syntax (=>)' is only available in ES6 (use 'esversion: 6').
  [42,21](W119) 'arrow function syntax (=>)' is only available in ES6 (use 'esversion: 6').
  [46,9](W104) 'let' is available in ES6 (use 'esversion: 6') or Mozilla JS extensions (use moz).
  [53,40](W119) 'arrow function syntax (=>)' is only available in ES6 (use 'esversion: 6').
  [54,48](W119) 'arrow function syntax (=>)' is only available in ES6 (use 'esversion: 6').
  [62,28](W119) 'arrow function syntax (=>)' is only available in ES6 (use 'esversion: 6').
  [68,52](W119) 'arrow function syntax (=>)' is only available in ES6 (use 'esversion: 6').
  [68,81](W119) 'arrow function syntax (=>)' is only available in ES6 (use 'esversion: 6').
  [74,17](W104) 'let' is available in ES6 (use 'esversion: 6') or Mozilla JS extensions (use moz).
  [74,53](W119) 'arrow function syntax (=>)' is only available in ES6 (use 'esversion: 6').
  [88,5](W104) 'let' is available in ES6 (use 'esversion: 6') or Mozilla JS extensions (use moz).
  [110,13](W104) 'let' is available in ES6 (use 'esversion: 6') or Mozilla JS extensions (use moz).
  [113,27](W119) 'arrow function syntax (=>)' is only available in ES6 (use 'esversion: 6').
  [115,37](W119) 'arrow function syntax (=>)' is only available in ES6 (use 'esversion: 6').
  [120,25](W119) 'arrow function syntax (=>)' is only available in ES6 (use 'esversion: 6').
  [122,33](W119) 'arrow function syntax (=>)' is only available in ES6 (use 'esversion: 6').
  [125,31](W119) 'arrow function syntax (=>)' is only available in ES6 (use 'esversion: 6').
  [131,34](W119) 'arrow function syntax (=>)' is only available in ES6 (use 'esversion: 6').
  [137,29](W119) 'arrow function syntax (=>)' is only available in ES6 (use 'esversion: 6').
  [139,35](W119) 'arrow function syntax (=>)' is only available in ES6 (use 'esversion: 6').
  [143,33](W104) 'let' is available in ES6 (use 'esversion: 6') or Mozilla JS extensions (use moz).
  [145,61](W119) 'arrow function syntax (=>)' is only available in ES6 (use 'esversion: 6').
  [147,49](W119) 'arrow function syntax (=>)' is only available in ES6 (use 'esversion: 6').
  [149,50](W119) 'arrow function syntax (=>)' is only available in ES6 (use 'esversion: 6').
  [150,46](W119) 'arrow function syntax (=>)' is only available in ES6 (use 'esversion: 6').
  [152,69](W119) 'arrow function syntax (=>)' is only available in ES6 (use 'esversion: 6').
  [154,38](W119) 'arrow function syntax (=>)' is only available in ES6 (use 'esversion: 6').
  [155,30](W119) 'arrow function syntax (=>)' is only available in ES6 (use 'esversion: 6').
  [160,29](W119) 'arrow function syntax (=>)' is only available in ES6 (use 'esversion: 6').
  [163,27](W119) 'arrow function syntax (=>)' is only available in ES6 (use 'esversion: 6').
  [168,63](W119) 'arrow function syntax (=>)' is only available in ES6 (use 'esversion: 6').
  [170,30](W119) 'arrow function syntax (=>)' is only available in ES6 (use 'esversion: 6').
  [182,26](W119) 'arrow function syntax (=>)' is only available in ES6 (use 'esversion: 6').
  [182,66](W119) 'arrow function syntax (=>)' is only available in ES6 (use 'esversion: 6').
  [184,22](W119) 'arrow function syntax (=>)' is only available in ES6 (use 'esversion: 6').
  [192,16](W119) 'arrow function syntax (=>)' is only available in ES6 (use 'esversion: 6').
  [195,20](W119) 'arrow function syntax (=>)' is only available in ES6 (use 'esversion: 6').
  [201,19](W119) 'arrow function syntax (=>)' is only available in ES6 (use 'esversion: 6').
  [217,55](W119) 'arrow function syntax (=>)' is only available in ES6 (use 'esversion: 6').
  [218,22](W119) 'arrow function syntax (=>)' is only available in ES6 (use 'esversion: 6').
  [222,40](W119) 'arrow function syntax (=>)' is only available in ES6 (use 'esversion: 6').
  [222,40](E043) Too many errors. (86% scanned).